# JRE version: Java(TM) SE Runtime Environment (10.0.2+13) (build 10.0.2+13)
# Java VM: Java HotSpot(TM) 64-Bit Server VM (10.0.2+13, mixed mode, tiered, compressed oops, g1 gc, windows-amd64)
Heap:
 garbage-first heap   total 131072K, used 44125K [0x0000000080000000, 0x0000000100000000)
  region size 1024K, 20 young (20480K), 4 survivors (4096K)
 Metaspace       used 30932K, capacity 31939K, committed 32252K, reserved 1077248K
  class space    used 3569K, capacity 4011K, committed 4092K, reserved 1048576K
GC Heap History (10 events):
Event: 2.359 GC heap before
{Heap before GC invocations=0 (full 0):
 garbage-first heap   total 131072K, used 14336K [0x0000000080000000, 0x0000000100000000)
  region size 1024K, 14 young (14336K), 0 survivors (0K)
 Metaspace       used 12254K, capacity 12521K, committed 12672K, reserved 1060864K
  class space    used 1170K, capacity 1315K, committed 1408K, reserved 1048576K
}
Event: 2.385 GC heap after
{Heap after GC invocations=1 (full 0):
 garbage-first heap   total 131072K, used 4521K [0x0000000080000000, 0x0000000100000000)
  region size 1024K, 2 young (2048K), 2 survivors (2048K)
 Metaspace       used 12254K, capacity 12521K, committed 12672K, reserved 1060864K
  class space    used 1170K, capacity 1315K, committed 1408K, reserved 1048576K
}
Event: 2.909 GC heap before
{Heap before GC invocations=1 (full 0):
 garbage-first heap   total 131072K, used 9641K [0x0000000080000000, 0x0000000100000000)
  region size 1024K, 7 young (7168K), 2 survivors (2048K)
 Metaspace       used 14704K, capacity 15118K, committed 15232K, reserved 1062912K
  class space    used 1440K, capacity 1604K, committed 1664K, reserved 1048576K
}
Event: 2.915 GC heap after
{Heap after GC invocations=2 (full 0):
 garbage-first heap   total 131072K, used 5558K [0x0000000080000000, 0x0000000100000000)
  region size 1024K, 1 young (1024K), 1 survivors (1024K)
 Metaspace       used 14704K, capacity 15118K, committed 15232K, reserved 1062912K
  class space    used 1440K, capacity 1604K, committed 1664K, reserved 1048576K
}
Event: 4.647 GC heap before
{Heap before GC invocations=2 (full 0):
 garbage-first heap   total 131072K, used 26038K [0x0000000080000000, 0x0000000100000000)
  region size 1024K, 19 young (19456K), 1 survivors (1024K)
 Metaspace       used 18440K, capacity 18880K, committed 19200K, reserved 1067008K
  class space    used 1794K, capacity 1974K, committed 2048K, reserved 1048576K
}
Event: 4.674 GC heap after
{Heap after GC invocations=3 (full 0):
 garbage-first heap   total 131072K, used 7409K [0x0000000080000000, 0x0000000100000000)
  region size 1024K, 3 young (3072K), 3 survivors (3072K)
 Metaspace       used 18440K, capacity 18880K, committed 19200K, reserved 1067008K
  class space    used 1794K, capacity 1974K, committed 2048K, reserved 1048576K
}
Event: 7.001 GC heap before
{Heap before GC invocations=3 (full 0):
 garbage-first heap   total 131072K, used 15601K [0x0000000080000000, 0x0000000100000000)
  region size 1024K, 8 young (8192K), 3 survivors (3072K)
 Metaspace       used 20660K, capacity 21086K, committed 21248K, reserved 1069056K
  class space    used 2073K, capacity 2278K, committed 2304K, reserved 1048576K
}
Event: 7.007 GC heap after
{Heap after GC invocations=4 (full 0):
 garbage-first heap   total 131072K, used 12029K [0x0000000080000000, 0x0000000100000000)
  region size 1024K, 1 young (1024K), 1 survivors (1024K)
 Metaspace       used 20660K, capacity 21086K, committed 21248K, reserved 1069056K
  class space    used 2073K, capacity 2278K, committed 2304K, reserved 1048576K
}
Event: 12.622 GC heap before
{Heap before GC invocations=5 (full 0):
 garbage-first heap   total 131072K, used 52989K [0x0000000080000000, 0x0000000100000000)
  region size 1024K, 26 young (26624K), 1 survivors (1024K)
 Metaspace       used 30010K, capacity 30930K, committed 31100K, reserved 1077248K
  class space    used 3490K, capacity 3920K, committed 3964K, reserved 1048576K
}
Event: 12.654 GC heap after
{Heap after GC invocations=6 (full 0):
 garbage-first heap   total 131072K, used 26717K [0x0000000080000000, 0x0000000100000000)
  region size 1024K, 4 young (4096K), 4 survivors (4096K)
 Metaspace       used 30010K, capacity 30930K, committed 31100K, reserved 1077248K
  class space    used 3490K, capacity 3920K, committed 3964K, reserved 1048576K
}

